2020-07-07T11:45:14+00:00 CRITICAL Uncaught ArgumentCountError: Too few arguments to function login_redirect(), 1 passed in /Applications/MAMP/htdocs/joshbersin/wp-includes/class-wp-hook.php on line 289 and exactly 2 expected in /Applications/MAMP/htdocs/joshbersin/wp-content/plugins/wp-force-login/wp-force-login.php:83
Stack trace:
#0 /Applications/MAMP/htdocs/joshbersin/wp-includes/class-wp-hook.php(289): login_redirect('/joshbersin/my-...')
#1 /Applications/MAMP/htdocs/joshbersin/wp-includes/plugin.php(206): WP_Hook->apply_filters('/joshbersin/my-...', Array)
#2 /Applications/MAMP/htdocs/joshbersin/wp-content/plugins/woocommerce/includes/class-wc-form-handler.php(1027): apply_filters('woocommerce_log...', '/joshbersin/my-...', Object(WP_User))
#3 /Applications/MAMP/htdocs/joshbersin/wp-includes/class-wp-hook.php(287): WC_Form_Handler::process_login('')
#4 /Applications/MAMP/htdocs/joshbersin/wp-includes/class-wp-hook.php(311): WP_Hook->apply_filters(NULL, Array)
#5 /Applications/MAMP/htdocs/joshbersin/wp-includes/plugin.php(478): WP_Hook->d in /Applications/MAMP/htdocs/joshbersin/wp-content/plugins/wp-force-login/wp-force-login.php on line 83

2020-07-07T11:47:53+00:00 CRITICAL Uncaught ArgumentCountError: Too few arguments to function login_redirect(), 1 passed in /Applications/MAMP/htdocs/joshbersin/wp-includes/class-wp-hook.php on line 289 and exactly 2 expected in /Applications/MAMP/htdocs/joshbersin/wp-content/plugins/wp-force-login/wp-force-login.php:84
Stack trace:
#0 /Applications/MAMP/htdocs/joshbersin/wp-includes/class-wp-hook.php(289): login_redirect('/joshbersin/my-...')
#1 /Applications/MAMP/htdocs/joshbersin/wp-includes/plugin.php(206): WP_Hook->apply_filters('/joshbersin/my-...', Array)
#2 /Applications/MAMP/htdocs/joshbersin/wp-content/plugins/woocommerce/includes/class-wc-form-handler.php(1027): apply_filters('woocommerce_log...', '/joshbersin/my-...', Object(WP_User))
#3 /Applications/MAMP/htdocs/joshbersin/wp-includes/class-wp-hook.php(287): WC_Form_Handler::process_login('')
#4 /Applications/MAMP/htdocs/joshbersin/wp-includes/class-wp-hook.php(311): WP_Hook->apply_filters(NULL, Array)
#5 /Applications/MAMP/htdocs/joshbersin/wp-includes/plugin.php(478): WP_Hook->d in /Applications/MAMP/htdocs/joshbersin/wp-content/plugins/wp-force-login/wp-force-login.php on line 84

2020-07-07T11:51:51+00:00 CRITICAL Uncaught ArgumentCountError: Too few arguments to function login_redirect(), 1 passed in /Applications/MAMP/htdocs/joshbersin/wp-includes/class-wp-hook.php on line 289 and exactly 2 expected in /Applications/MAMP/htdocs/joshbersin/wp-content/themes/mouche-child/functions.php:80
Stack trace:
#0 /Applications/MAMP/htdocs/joshbersin/wp-includes/class-wp-hook.php(289): login_redirect('/joshbersin/my-...')
#1 /Applications/MAMP/htdocs/joshbersin/wp-includes/plugin.php(206): WP_Hook->apply_filters('/joshbersin/my-...', Array)
#2 /Applications/MAMP/htdocs/joshbersin/wp-content/plugins/woocommerce/includes/class-wc-form-handler.php(1027): apply_filters('woocommerce_log...', '/joshbersin/my-...', Object(WP_User))
#3 /Applications/MAMP/htdocs/joshbersin/wp-includes/class-wp-hook.php(287): WC_Form_Handler::process_login('')
#4 /Applications/MAMP/htdocs/joshbersin/wp-includes/class-wp-hook.php(311): WP_Hook->apply_filters(NULL, Array)
#5 /Applications/MAMP/htdocs/joshbersin/wp-includes/plugin.php(478): WP_Hook->do_action in /Applications/MAMP/htdocs/joshbersin/wp-content/themes/mouche-child/functions.php on line 80

