2020-07-01T05:57:35+00:00 CRITICAL Uncaught Error: Cannot use object of type WP_Term as array in /Applications/MAMP/htdocs/joshbersin/wp-content/themes/mouche-child/page-home.php:25
Stack trace:
#0 /Applications/MAMP/htdocs/joshbersin/wp-includes/template-loader.php(106): include()
#1 /Applications/MAMP/htdocs/joshbersin/wp-blog-header.php(19): require_once('/Applications/M...')
#2 /Applications/MAMP/htdocs/joshbersin/index.php(17): require('/Applications/M...')
#3 {main}
  thrown in /Applications/MAMP/htdocs/joshbersin/wp-content/themes/mouche-child/page-home.php on line 25

2020-07-01T06:43:53+00:00 CRITICAL Uncaught Error: Call to undefined function get_excerpt() in /Applications/MAMP/htdocs/joshbersin/wp-content/themes/mouche-child/search.php:45
Stack trace:
#0 /Applications/MAMP/htdocs/joshbersin/wp-includes/template-loader.php(106): include()
#1 /Applications/MAMP/htdocs/joshbersin/wp-blog-header.php(19): require_once('/Applications/M...')
#2 /Applications/MAMP/htdocs/joshbersin/index.php(17): require('/Applications/M...')
#3 {main}
  thrown in /Applications/MAMP/htdocs/joshbersin/wp-content/themes/mouche-child/search.php on line 45

2020-07-01T06:44:07+00:00 CRITICAL Uncaught Error: Call to undefined function get_excerpt() in /Applications/MAMP/htdocs/joshbersin/wp-content/themes/mouche-child/search.php:45
Stack trace:
#0 /Applications/MAMP/htdocs/joshbersin/wp-includes/template-loader.php(106): include()
#1 /Applications/MAMP/htdocs/joshbersin/wp-blog-header.php(19): require_once('/Applications/M...')
#2 /Applications/MAMP/htdocs/joshbersin/index.php(17): require('/Applications/M...')
#3 {main}
  thrown in /Applications/MAMP/htdocs/joshbersin/wp-content/themes/mouche-child/search.php on line 45

2020-07-01T06:44:24+00:00 CRITICAL Uncaught Error: Call to undefined function get_excerpt() in /Applications/MAMP/htdocs/joshbersin/wp-content/themes/mouche-child/search.php:45
Stack trace:
#0 /Applications/MAMP/htdocs/joshbersin/wp-includes/template-loader.php(106): include()
#1 /Applications/MAMP/htdocs/joshbersin/wp-blog-header.php(19): require_once('/Applications/M...')
#2 /Applications/MAMP/htdocs/joshbersin/index.php(17): require('/Applications/M...')
#3 {main}
  thrown in /Applications/MAMP/htdocs/joshbersin/wp-content/themes/mouche-child/search.php on line 45

2020-07-01T06:44:32+00:00 CRITICAL Uncaught Error: Call to undefined function get_excerpt() in /Applications/MAMP/htdocs/joshbersin/wp-content/themes/mouche-child/search.php:45
Stack trace:
#0 /Applications/MAMP/htdocs/joshbersin/wp-includes/template-loader.php(106): include()
#1 /Applications/MAMP/htdocs/joshbersin/wp-blog-header.php(19): require_once('/Applications/M...')
#2 /Applications/MAMP/htdocs/joshbersin/index.php(17): require('/Applications/M...')
#3 {main}
  thrown in /Applications/MAMP/htdocs/joshbersin/wp-content/themes/mouche-child/search.php on line 45

2020-07-01T06:44:34+00:00 CRITICAL Uncaught Error: Call to undefined function get_excerpt() in /Applications/MAMP/htdocs/joshbersin/wp-content/themes/mouche-child/search.php:45
Stack trace:
#0 /Applications/MAMP/htdocs/joshbersin/wp-includes/template-loader.php(106): include()
#1 /Applications/MAMP/htdocs/joshbersin/wp-blog-header.php(19): require_once('/Applications/M...')
#2 /Applications/MAMP/htdocs/joshbersin/index.php(17): require('/Applications/M...')
#3 {main}
  thrown in /Applications/MAMP/htdocs/joshbersin/wp-content/themes/mouche-child/search.php on line 45

2020-07-01T06:44:36+00:00 CRITICAL Uncaught Error: Call to undefined function get_excerpt() in /Applications/MAMP/htdocs/joshbersin/wp-content/themes/mouche-child/search.php:45
Stack trace:
#0 /Applications/MAMP/htdocs/joshbersin/wp-includes/template-loader.php(106): include()
#1 /Applications/MAMP/htdocs/joshbersin/wp-blog-header.php(19): require_once('/Applications/M...')
#2 /Applications/MAMP/htdocs/joshbersin/index.php(17): require('/Applications/M...')
#3 {main}
  thrown in /Applications/MAMP/htdocs/joshbersin/wp-content/themes/mouche-child/search.php on line 45

