2020-07-03T08:08:37+00:00 CRITICAL Uncaught Less_Exception_Compiler: error evaluating function `max` incompatible types index: 1591 in /Applications/MAMP/htdocs/joshbersin/wp-content/themes/mouche/wp-less/vendor/oyejorge/less.php/lib/Less/Tree/Call.php:80
Stack trace:
#0 /Applications/MAMP/htdocs/joshbersin/wp-content/themes/mouche/wp-less/vendor/oyejorge/less.php/lib/Less/Tree/Expression.php(52): Less_Tree_Call->compile(Object(Less_Environment))
#1 /Applications/MAMP/htdocs/joshbersin/wp-content/themes/mouche/wp-less/vendor/oyejorge/less.php/lib/Less/Tree/Value.php(27): Less_Tree_Expression->compile(Object(Less_Environment))
#2 /Applications/MAMP/htdocs/joshbersin/wp-content/themes/mouche/wp-less/vendor/oyejorge/less.php/lib/Less/Tree/Rule.php(75): Less_Tree_Value->compile(Object(Less_Environment))
#3 /Applications/MAMP/htdocs/joshbersin/wp-content/themes/mouche/wp-less/vendor/oyejorge/less.php/lib/Less/Tree/Ruleset.php(94): Less_Tree_Rule->compile(Object(Less_Environment))
#4 /Applications/MAMP/htdocs/joshbersin/wp-content/themes/mouche/wp-l in /Applications/MAMP/htdocs/joshbersin/wp-content/themes/mouche/wp-less/vendor/oyejorge/less.php/lib/Less/Tree/Call.php on line 80

2020-07-03T08:08:58+00:00 CRITICAL Uncaught Less_Exception_Compiler: error evaluating function `max` incompatible types index: 1591 in /Applications/MAMP/htdocs/joshbersin/wp-content/themes/mouche/wp-less/vendor/oyejorge/less.php/lib/Less/Tree/Call.php:80
Stack trace:
#0 /Applications/MAMP/htdocs/joshbersin/wp-content/themes/mouche/wp-less/vendor/oyejorge/less.php/lib/Less/Tree/Expression.php(52): Less_Tree_Call->compile(Object(Less_Environment))
#1 /Applications/MAMP/htdocs/joshbersin/wp-content/themes/mouche/wp-less/vendor/oyejorge/less.php/lib/Less/Tree/Value.php(27): Less_Tree_Expression->compile(Object(Less_Environment))
#2 /Applications/MAMP/htdocs/joshbersin/wp-content/themes/mouche/wp-less/vendor/oyejorge/less.php/lib/Less/Tree/Rule.php(75): Less_Tree_Value->compile(Object(Less_Environment))
#3 /Applications/MAMP/htdocs/joshbersin/wp-content/themes/mouche/wp-less/vendor/oyejorge/less.php/lib/Less/Tree/Ruleset.php(94): Less_Tree_Rule->compile(Object(Less_Environment))
#4 /Applications/MAMP/htdocs/joshbersin/wp-content/themes/mouche/wp-l in /Applications/MAMP/htdocs/joshbersin/wp-content/themes/mouche/wp-less/vendor/oyejorge/less.php/lib/Less/Tree/Call.php on line 80

2020-07-03T08:09:52+00:00 CRITICAL Uncaught Less_Exception_Chunk: ParseError: Unexpected input in style.less on line 114, column 2
112| 
113| footer {
114| 	.gutter-30 {
115| 		margin-right: ~"max(-15px, -2%)";
116| 		margin-left: ~"max(-15px, -2%)";
117|  in /Applications/MAMP/htdocs/joshbersin/wp-content/themes/mouche/wp-less/vendor/oyejorge/less.php/lib/Less/Parser.php:535
Stack trace:
#0 /Applications/MAMP/htdocs/joshbersin/wp-content/themes/mouche/wp-less/vendor/oyejorge/less.php/lib/Less/Parser.php(474): Less_Parser->GetRules('/Applications/M...')
#1 /Applications/MAMP/htdocs/joshbersin/wp-content/themes/mouche/wp-less/vendor/oyejorge/less.php/lib/Less/Parser.php(346): Less_Parser->_parse('/Applications/M...')
#2 /Applications/MAMP/htdocs/joshbersin/wp-content/themes/mouche/wp-less/vendor/oyejorge/less.php/lessc.inc.php(147): Less_Parser->parseFile('/Applications/M...')
#3 /Applications/MAMP/htdocs/joshbersin/wp-content/themes/mouche/wp-less/vendor/oyejorge/less.php/lessc.inc.php(225): lessc->compileFile('/Applications/M...')
#4 /Applica in /Applications/MAMP/htdocs/joshbersin/wp-content/themes/mouche/wp-less/vendor/oyejorge/less.php/lib/Less/Parser.php on line 535

2020-07-03T09:30:13+00:00 CRITICAL Uncaught Error: Call to undefined function is_sigular() in /Applications/MAMP/htdocs/joshbersin/wp-content/themes/mouche-child/functions.php:11
Stack trace:
#0 /Applications/MAMP/htdocs/joshbersin/wp-includes/class-wp-hook.php(287): child_scripts('')
#1 /Applications/MAMP/htdocs/joshbersin/wp-includes/class-wp-hook.php(311): WP_Hook->apply_filters(NULL, Array)
#2 /Applications/MAMP/htdocs/joshbersin/wp-includes/plugin.php(478): WP_Hook->do_action(Array)
#3 /Applications/MAMP/htdocs/joshbersin/wp-includes/script-loader.php(2294): do_action('wp_enqueue_scri...')
#4 /Applications/MAMP/htdocs/joshbersin/wp-includes/class-wp-hook.php(287): wp_enqueue_scripts('')
#5 /Applications/MAMP/htdocs/joshbersin/wp-includes/class-wp-hook.php(311): WP_Hook->apply_filters(NULL, Array)
#6 /Applications/MAMP/htdocs/joshbersin/wp-includes/plugin.php(478): WP_Hook->do_action(Array)
#7 /Applications/MAMP/htdocs/joshbersin/wp-includes/general-template.php(2884): do_action('wp_head')
#8 /Applications/MAMP/htdocs/joshbersin/wp-content in /Applications/MAMP/htdocs/joshbersin/wp-content/themes/mouche-child/functions.php on line 11

