2020-07-28T11:11:56+00:00 CRITICAL Uncaught Less_Exception_Chunk: ParseError: missing opening `{` in style.less on line 1037, column 1
1035| }
1036| 
1037| }
1038| .fit-content {
1039|     max-width: fit-content;
1040|     margin-left: auto; in /Applications/MAMP/htdocs/joshbersin/wp-content/themes/mouche/wp-less/vendor/oyejorge/less.php/lib/Less/Parser.php:535
Stack trace:
#0 /Applications/MAMP/htdocs/joshbersin/wp-content/themes/mouche/wp-less/vendor/oyejorge/less.php/lib/Less/Parser.php(474): Less_Parser->GetRules('/Applications/M...')
#1 /Applications/MAMP/htdocs/joshbersin/wp-content/themes/mouche/wp-less/vendor/oyejorge/less.php/lib/Less/Parser.php(346): Less_Parser->_parse('/Applications/M...')
#2 /Applications/MAMP/htdocs/joshbersin/wp-content/themes/mouche/wp-less/vendor/oyejorge/less.php/lessc.inc.php(147): Less_Parser->parseFile('/Applications/M...')
#3 /Applications/MAMP/htdocs/joshbersin/wp-content/themes/mouche/wp-less/vendor/oyejorge/less.php/lessc.inc.php(225): lessc->compileFile('/Applications/M...')
#4 /Applications/MAMP/htdo in /Applications/MAMP/htdocs/joshbersin/wp-content/themes/mouche/wp-less/vendor/oyejorge/less.php/lib/Less/Parser.php on line 535

2020-07-28T11:12:10+00:00 CRITICAL Uncaught Less_Exception_Chunk: ParseError: missing opening `{` in style.less on line 1037, column 1
1035| }
1036| 
1037| }
1038| .fit-content {
1039|     max-width: fit-content;
1040|     margin-left: auto; in /Applications/MAMP/htdocs/joshbersin/wp-content/themes/mouche/wp-less/vendor/oyejorge/less.php/lib/Less/Parser.php:535
Stack trace:
#0 /Applications/MAMP/htdocs/joshbersin/wp-content/themes/mouche/wp-less/vendor/oyejorge/less.php/lib/Less/Parser.php(474): Less_Parser->GetRules('/Applications/M...')
#1 /Applications/MAMP/htdocs/joshbersin/wp-content/themes/mouche/wp-less/vendor/oyejorge/less.php/lib/Less/Parser.php(346): Less_Parser->_parse('/Applications/M...')
#2 /Applications/MAMP/htdocs/joshbersin/wp-content/themes/mouche/wp-less/vendor/oyejorge/less.php/lessc.inc.php(147): Less_Parser->parseFile('/Applications/M...')
#3 /Applications/MAMP/htdocs/joshbersin/wp-content/themes/mouche/wp-less/vendor/oyejorge/less.php/lessc.inc.php(225): lessc->compileFile('/Applications/M...')
#4 /Applications/MAMP/htdo in /Applications/MAMP/htdocs/joshbersin/wp-content/themes/mouche/wp-less/vendor/oyejorge/less.php/lib/Less/Parser.php on line 535

2020-07-28T11:12:24+00:00 CRITICAL Uncaught Less_Exception_Chunk: ParseError: missing opening `{` in style.less on line 1037, column 1
1035| }
1036| 
1037| }
1038| .fit-content {
1039|     max-width: fit-content;
1040|     margin-left: auto; in /Applications/MAMP/htdocs/joshbersin/wp-content/themes/mouche/wp-less/vendor/oyejorge/less.php/lib/Less/Parser.php:535
Stack trace:
#0 /Applications/MAMP/htdocs/joshbersin/wp-content/themes/mouche/wp-less/vendor/oyejorge/less.php/lib/Less/Parser.php(474): Less_Parser->GetRules('/Applications/M...')
#1 /Applications/MAMP/htdocs/joshbersin/wp-content/themes/mouche/wp-less/vendor/oyejorge/less.php/lib/Less/Parser.php(346): Less_Parser->_parse('/Applications/M...')
#2 /Applications/MAMP/htdocs/joshbersin/wp-content/themes/mouche/wp-less/vendor/oyejorge/less.php/lessc.inc.php(147): Less_Parser->parseFile('/Applications/M...')
#3 /Applications/MAMP/htdocs/joshbersin/wp-content/themes/mouche/wp-less/vendor/oyejorge/less.php/lessc.inc.php(225): lessc->compileFile('/Applications/M...')
#4 /Applications/MAMP/htdo in /Applications/MAMP/htdocs/joshbersin/wp-content/themes/mouche/wp-less/vendor/oyejorge/less.php/lib/Less/Parser.php on line 535

