2020-07-02T07:24:03+00:00 CRITICAL Uncaught Error: Call to undefined function get_excerpt() in /Applications/MAMP/htdocs/joshbersin/wp-content/themes/mouche-child/search.php:45
Stack trace:
#0 /Applications/MAMP/htdocs/joshbersin/wp-includes/template-loader.php(106): include()
#1 /Applications/MAMP/htdocs/joshbersin/wp-blog-header.php(19): require_once('/Applications/M...')
#2 /Applications/MAMP/htdocs/joshbersin/index.php(17): require('/Applications/M...')
#3 {main}
  thrown in /Applications/MAMP/htdocs/joshbersin/wp-content/themes/mouche-child/search.php on line 45

2020-07-02T08:03:53+00:00 CRITICAL Uncaught Less_Exception_Compiler: variable @border is undefined in file /Applications/MAMP/htdocs/joshbersin/wp-content/themes/mouche-child/less/style.less in style.less on line 71, column 19
69| 		&:not(:last-child) {
70| 			padding-bottom: 15px;
71| 			border-bottom: @border;
72| 		}
73| 	}
74| } in /Applications/MAMP/htdocs/joshbersin/wp-content/themes/mouche/wp-less/vendor/oyejorge/less.php/lib/Less/Tree/Variable.php:49
Stack trace:
#0 /Applications/MAMP/htdocs/joshbersin/wp-content/themes/mouche/wp-less/vendor/oyejorge/less.php/lib/Less/Tree/Expression.php(52): Less_Tree_Variable->compile(Object(Less_Environment))
#1 /Applications/MAMP/htdocs/joshbersin/wp-content/themes/mouche/wp-less/vendor/oyejorge/less.php/lib/Less/Tree/Value.php(27): Less_Tree_Expression->compile(Object(Less_Environment))
#2 /Applications/MAMP/htdocs/joshbersin/wp-content/themes/mouche/wp-less/vendor/oyejorge/less.php/lib/Less/Tree/Rule.php(75): Less_Tree_Value->compile(Object(Less_Environment))
#3 /Applications/MAMP/htdocs/joshbers in /Applications/MAMP/htdocs/joshbersin/wp-content/themes/mouche/wp-less/vendor/oyejorge/less.php/lib/Less/Tree/Variable.php on line 49

2020-07-02T11:54:58+00:00 CRITICAL syntax error, unexpected end of file in /Applications/MAMP/htdocs/joshbersin/wp-content/themes/mouche/functions.php on line 4347

2020-07-02T11:55:24+00:00 CRITICAL syntax error, unexpected end of file in /Applications/MAMP/htdocs/joshbersin/wp-content/themes/mouche/functions.php on line 4348

2020-07-02T11:55:59+00:00 CRITICAL syntax error, unexpected end of file in /Applications/MAMP/htdocs/joshbersin/wp-content/themes/mouche/functions.php on line 4348

2020-07-02T11:58:00+00:00 CRITICAL syntax error, unexpected end of file in /Applications/MAMP/htdocs/joshbersin/wp-content/themes/mouche/functions.php on line 4347

2020-07-02T11:58:05+00:00 CRITICAL syntax error, unexpected end of file in /Applications/MAMP/htdocs/joshbersin/wp-content/themes/mouche/functions.php on line 4347

2020-07-02T11:58:27+00:00 CRITICAL syntax error, unexpected end of file in /Applications/MAMP/htdocs/joshbersin/wp-content/themes/mouche/functions.php on line 4347

2020-07-02T12:00:09+00:00 CRITICAL Maximum execution time of 30 seconds exceeded in /Applications/MAMP/htdocs/joshbersin/wp-content/themes/mouche/wp-less/vendor/oyejorge/less.php/lib/Less/Tree/Selector.php on line 88

