2020-07-21T10:29:01+00:00 CRITICAL Uncaught Error: Call to undefined function get_date() in /Applications/MAMP/htdocs/joshbersin/wp-content/themes/mouche-child/single-news.php:15
Stack trace:
#0 /Applications/MAMP/htdocs/joshbersin/wp-includes/template-loader.php(106): include()
#1 /Applications/MAMP/htdocs/joshbersin/wp-blog-header.php(19): require_once('/Applications/M...')
#2 /Applications/MAMP/htdocs/joshbersin/index.php(17): require('/Applications/M...')
#3 {main}
  thrown in /Applications/MAMP/htdocs/joshbersin/wp-content/themes/mouche-child/single-news.php on line 15

2020-07-21T10:29:10+00:00 CRITICAL Uncaught Error: Call to undefined function get_time() in /Applications/MAMP/htdocs/joshbersin/wp-content/themes/mouche-child/single-news.php:15
Stack trace:
#0 /Applications/MAMP/htdocs/joshbersin/wp-includes/template-loader.php(106): include()
#1 /Applications/MAMP/htdocs/joshbersin/wp-blog-header.php(19): require_once('/Applications/M...')
#2 /Applications/MAMP/htdocs/joshbersin/index.php(17): require('/Applications/M...')
#3 {main}
  thrown in /Applications/MAMP/htdocs/joshbersin/wp-content/themes/mouche-child/single-news.php on line 15

2020-07-21T12:53:50+00:00 CRITICAL Uncaught Error: Call to undefined function d() in /Applications/MAMP/htdocs/joshbersin/wp-content/themes/mouche-child/page-events.php:69
Stack trace:
#0 /Applications/MAMP/htdocs/joshbersin/wp-includes/template-loader.php(106): include()
#1 /Applications/MAMP/htdocs/joshbersin/wp-blog-header.php(19): require_once('/Applications/M...')
#2 /Applications/MAMP/htdocs/joshbersin/index.php(17): require('/Applications/M...')
#3 {main}
  thrown in /Applications/MAMP/htdocs/joshbersin/wp-content/themes/mouche-child/page-events.php on line 69

2020-07-21T12:54:34+00:00 CRITICAL Uncaught Error: Call to undefined function d() in /Applications/MAMP/htdocs/joshbersin/wp-content/themes/mouche-child/page-events.php:69
Stack trace:
#0 /Applications/MAMP/htdocs/joshbersin/wp-includes/template-loader.php(106): include()
#1 /Applications/MAMP/htdocs/joshbersin/wp-blog-header.php(19): require_once('/Applications/M...')
#2 /Applications/MAMP/htdocs/joshbersin/index.php(17): require('/Applications/M...')
#3 {main}
  thrown in /Applications/MAMP/htdocs/joshbersin/wp-content/themes/mouche-child/page-events.php on line 69

2020-07-21T12:54:55+00:00 CRITICAL Uncaught Error: Call to undefined function d() in /Applications/MAMP/htdocs/joshbersin/wp-content/themes/mouche-child/page-events.php:71
Stack trace:
#0 /Applications/MAMP/htdocs/joshbersin/wp-includes/template-loader.php(106): include()
#1 /Applications/MAMP/htdocs/joshbersin/wp-blog-header.php(19): require_once('/Applications/M...')
#2 /Applications/MAMP/htdocs/joshbersin/index.php(17): require('/Applications/M...')
#3 {main}
  thrown in /Applications/MAMP/htdocs/joshbersin/wp-content/themes/mouche-child/page-events.php on line 71

2020-07-21T12:55:10+00:00 CRITICAL Uncaught Error: Call to undefined function d() in /Applications/MAMP/htdocs/joshbersin/wp-content/themes/mouche-child/page-events.php:71
Stack trace:
#0 /Applications/MAMP/htdocs/joshbersin/wp-includes/template-loader.php(106): include()
#1 /Applications/MAMP/htdocs/joshbersin/wp-blog-header.php(19): require_once('/Applications/M...')
#2 /Applications/MAMP/htdocs/joshbersin/index.php(17): require('/Applications/M...')
#3 {main}
  thrown in /Applications/MAMP/htdocs/joshbersin/wp-content/themes/mouche-child/page-events.php on line 71

2020-07-21T13:01:13+00:00 CRITICAL Uncaught Exception: DateTime::__construct(): Failed to parse time string (1603306200) at position 7 (2): Unexpected character in /Applications/MAMP/htdocs/joshbersin/wp-content/themes/mouche-child/page-events.php:73
Stack trace:
#0 /Applications/MAMP/htdocs/joshbersin/wp-content/themes/mouche-child/page-events.php(73): DateTime->__construct('1603306200', Object(DateTimeZone))
#1 /Applications/MAMP/htdocs/joshbersin/wp-includes/template-loader.php(106): include('/Applications/M...')
#2 /Applications/MAMP/htdocs/joshbersin/wp-blog-header.php(19): require_once('/Applications/M...')
#3 /Applications/MAMP/htdocs/joshbersin/index.php(17): require('/Applications/M...')
#4 {main}
  thrown in /Applications/MAMP/htdocs/joshbersin/wp-content/themes/mouche-child/page-events.php on line 73

2020-07-21T13:04:47+00:00 CRITICAL Uncaught Exception: DateTimeZone::__construct(): Unknown or bad timezone (MT) in /Applications/MAMP/htdocs/joshbersin/wp-content/themes/mouche-child/page-events.php:77
Stack trace:
#0 /Applications/MAMP/htdocs/joshbersin/wp-content/themes/mouche-child/page-events.php(77): DateTimeZone->__construct('MT')
#1 /Applications/MAMP/htdocs/joshbersin/wp-includes/template-loader.php(106): include('/Applications/M...')
#2 /Applications/MAMP/htdocs/joshbersin/wp-blog-header.php(19): require_once('/Applications/M...')
#3 /Applications/MAMP/htdocs/joshbersin/index.php(17): require('/Applications/M...')
#4 {main}
  thrown in /Applications/MAMP/htdocs/joshbersin/wp-content/themes/mouche-child/page-events.php on line 77

2020-07-21T13:16:57+00:00 CRITICAL Uncaught Error: Call to undefined method WP_Post::the_post() in /Applications/MAMP/htdocs/joshbersin/wp-content/themes/mouche-child/page-events.php:65
Stack trace:
#0 /Applications/MAMP/htdocs/joshbersin/wp-includes/template-loader.php(106): include()
#1 /Applications/MAMP/htdocs/joshbersin/wp-blog-header.php(19): require_once('/Applications/M...')
#2 /Applications/MAMP/htdocs/joshbersin/index.php(17): require('/Applications/M...')
#3 {main}
  thrown in /Applications/MAMP/htdocs/joshbersin/wp-content/themes/mouche-child/page-events.php on line 65

2020-07-21T13:17:24+00:00 CRITICAL Uncaught Error: Call to undefined method WP_Post::the_post() in /Applications/MAMP/htdocs/joshbersin/wp-content/themes/mouche-child/page-events.php:67
Stack trace:
#0 /Applications/MAMP/htdocs/joshbersin/wp-includes/template-loader.php(106): include()
#1 /Applications/MAMP/htdocs/joshbersin/wp-blog-header.php(19): require_once('/Applications/M...')
#2 /Applications/MAMP/htdocs/joshbersin/index.php(17): require('/Applications/M...')
#3 {main}
  thrown in /Applications/MAMP/htdocs/joshbersin/wp-content/themes/mouche-child/page-events.php on line 67

2020-07-21T13:18:05+00:00 CRITICAL Uncaught Error: Call to a member function the_post() on array in /Applications/MAMP/htdocs/joshbersin/wp-content/themes/mouche-child/page-events.php:67
Stack trace:
#0 /Applications/MAMP/htdocs/joshbersin/wp-includes/template-loader.php(106): include()
#1 /Applications/MAMP/htdocs/joshbersin/wp-blog-header.php(19): require_once('/Applications/M...')
#2 /Applications/MAMP/htdocs/joshbersin/index.php(17): require('/Applications/M...')
#3 {main}
  thrown in /Applications/MAMP/htdocs/joshbersin/wp-content/themes/mouche-child/page-events.php on line 67

2020-07-21T13:18:40+00:00 CRITICAL Uncaught Error: Call to undefined method WP_Post::the_post() in /Applications/MAMP/htdocs/joshbersin/wp-content/themes/mouche-child/page-events.php:67
Stack trace:
#0 /Applications/MAMP/htdocs/joshbersin/wp-includes/template-loader.php(106): include()
#1 /Applications/MAMP/htdocs/joshbersin/wp-blog-header.php(19): require_once('/Applications/M...')
#2 /Applications/MAMP/htdocs/joshbersin/index.php(17): require('/Applications/M...')
#3 {main}
  thrown in /Applications/MAMP/htdocs/joshbersin/wp-content/themes/mouche-child/page-events.php on line 67

2020-07-21T13:19:38+00:00 CRITICAL Uncaught Error: Call to undefined method WP_Post::the_post() in /Applications/MAMP/htdocs/joshbersin/wp-content/themes/mouche-child/page-events.php:67
Stack trace:
#0 /Applications/MAMP/htdocs/joshbersin/wp-includes/template-loader.php(106): include()
#1 /Applications/MAMP/htdocs/joshbersin/wp-blog-header.php(19): require_once('/Applications/M...')
#2 /Applications/MAMP/htdocs/joshbersin/index.php(17): require('/Applications/M...')
#3 {main}
  thrown in /Applications/MAMP/htdocs/joshbersin/wp-content/themes/mouche-child/page-events.php on line 67

2020-07-21T13:25:32+00:00 CRITICAL Uncaught Error: Call to a member function have_posts() on array in /Applications/MAMP/htdocs/joshbersin/wp-content/themes/mouche-child/page-events.php:66
Stack trace:
#0 /Applications/MAMP/htdocs/joshbersin/wp-includes/template-loader.php(106): include()
#1 /Applications/MAMP/htdocs/joshbersin/wp-blog-header.php(19): require_once('/Applications/M...')
#2 /Applications/MAMP/htdocs/joshbersin/index.php(17): require('/Applications/M...')
#3 {main}
  thrown in /Applications/MAMP/htdocs/joshbersin/wp-content/themes/mouche-child/page-events.php on line 66

2020-07-21T13:25:49+00:00 CRITICAL Uncaught Error: Call to a member function have_posts() on array in /Applications/MAMP/htdocs/joshbersin/wp-content/themes/mouche-child/page-events.php:64
Stack trace:
#0 /Applications/MAMP/htdocs/joshbersin/wp-includes/template-loader.php(106): include()
#1 /Applications/MAMP/htdocs/joshbersin/wp-blog-header.php(19): require_once('/Applications/M...')
#2 /Applications/MAMP/htdocs/joshbersin/index.php(17): require('/Applications/M...')
#3 {main}
  thrown in /Applications/MAMP/htdocs/joshbersin/wp-content/themes/mouche-child/page-events.php on line 64

2020-07-21T13:27:03+00:00 CRITICAL Uncaught Error: Call to a member function have_posts() on array in /Applications/MAMP/htdocs/joshbersin/wp-content/themes/mouche-child/page-events.php:61
Stack trace:
#0 /Applications/MAMP/htdocs/joshbersin/wp-includes/template-loader.php(106): include()
#1 /Applications/MAMP/htdocs/joshbersin/wp-blog-header.php(19): require_once('/Applications/M...')
#2 /Applications/MAMP/htdocs/joshbersin/index.php(17): require('/Applications/M...')
#3 {main}
  thrown in /Applications/MAMP/htdocs/joshbersin/wp-content/themes/mouche-child/page-events.php on line 61

2020-07-21T13:27:16+00:00 CRITICAL Uncaught Error: Call to a member function have_posts() on array in /Applications/MAMP/htdocs/joshbersin/wp-content/themes/mouche-child/page-events.php:62
Stack trace:
#0 /Applications/MAMP/htdocs/joshbersin/wp-includes/template-loader.php(106): include()
#1 /Applications/MAMP/htdocs/joshbersin/wp-blog-header.php(19): require_once('/Applications/M...')
#2 /Applications/MAMP/htdocs/joshbersin/index.php(17): require('/Applications/M...')
#3 {main}
  thrown in /Applications/MAMP/htdocs/joshbersin/wp-content/themes/mouche-child/page-events.php on line 62

2020-07-21T13:27:45+00:00 CRITICAL Uncaught Error: Call to a member function have_posts() on array in /Applications/MAMP/htdocs/joshbersin/wp-content/themes/mouche-child/page-events.php:62
Stack trace:
#0 /Applications/MAMP/htdocs/joshbersin/wp-includes/template-loader.php(106): include()
#1 /Applications/MAMP/htdocs/joshbersin/wp-blog-header.php(19): require_once('/Applications/M...')
#2 /Applications/MAMP/htdocs/joshbersin/index.php(17): require('/Applications/M...')
#3 {main}
  thrown in /Applications/MAMP/htdocs/joshbersin/wp-content/themes/mouche-child/page-events.php on line 62

2020-07-21T13:29:04+00:00 CRITICAL Uncaught Error: Call to a member function have_posts() on array in /Applications/MAMP/htdocs/joshbersin/wp-content/themes/mouche-child/page-events.php:62
Stack trace:
#0 /Applications/MAMP/htdocs/joshbersin/wp-includes/template-loader.php(106): include()
#1 /Applications/MAMP/htdocs/joshbersin/wp-blog-header.php(19): require_once('/Applications/M...')
#2 /Applications/MAMP/htdocs/joshbersin/index.php(17): require('/Applications/M...')
#3 {main}
  thrown in /Applications/MAMP/htdocs/joshbersin/wp-content/themes/mouche-child/page-events.php on line 62

2020-07-21T13:30:17+00:00 CRITICAL Uncaught Error: Call to a member function have_posts() on array in /Applications/MAMP/htdocs/joshbersin/wp-content/themes/mouche-child/page-events.php:64
Stack trace:
#0 /Applications/MAMP/htdocs/joshbersin/wp-includes/template-loader.php(106): include()
#1 /Applications/MAMP/htdocs/joshbersin/wp-blog-header.php(19): require_once('/Applications/M...')
#2 /Applications/MAMP/htdocs/joshbersin/index.php(17): require('/Applications/M...')
#3 {main}
  thrown in /Applications/MAMP/htdocs/joshbersin/wp-content/themes/mouche-child/page-events.php on line 64

